#
# There is insufficient memory for the Java Runtime Environment to continue.
# Native memory allocation (malloc) failed to allocate 32744 bytes for ChunkPool::allocate
# Possible reasons:
#   The system is out of physical RAM or swap space
#   The process is running with CompressedOops enabled, and the Java Heap may be blocking the growth of the native heap
# Possible solutions:
#   Reduce memory load on the system
#   Increase physical memory or swap space
#   Check if swap backing store is full
#   Decrease Java heap size (-Xmx/-Xms)
#   Decrease number of Java threads
#   Decrease Java thread stack sizes (-Xss)
#   Set larger code cache with -XX:ReservedCodeCacheSize=
#   JVM is running with Unscaled Compressed Oops mode in which the Java heap is
#     placed in the first 4GB address space. The Java Heap base address is the
#     maximum limit for the native heap growth. Please use -XX:HeapBaseMinAddress
#     to set the Java Heap base and to place the Java Heap above 4GB virtual address.
# This output file may be truncated or incomplete.
#
#  Out of Memory Error (./open/src/hotspot/share/memory/arena.cpp:79), pid=1360, tid=13360
#
# JRE version: OpenJDK Runtime Environment (15.0.2+7) (build 15.0.2+7-27)
# Java VM: OpenJDK 64-Bit Server VM (15.0.2+7-27, mixed mode, tiered, compressed oops, g1 gc, windows-amd64)
# No core dump will be written. Minidumps are not enabled by default on client versions of Windows
#

---------------  S U M M A R Y ------------

Command Line: -XX:TieredStopAtLevel=1 com.pet.proj.PetApiApplication

Host: Intel(R) Core(TM) i5-7200U CPU @ 2.50GHz, 4 cores, 7G,  Windows 10 , 64 bit Build 19041 (10.0.19041.1202)
Time: Sat Oct 23 08:36:27 2021 India Standard Time elapsed time: 0.807311 seconds (0d 0h 0m 0s)

---------------  T H R E A D  ---------------

Current thread (0x0000028c7d1a1420):  JavaThread "C1 CompilerThread0" daemon [_thread_in_native, id=13360, stack(0x000000fe8ae00000,0x000000fe8af00000)]


Current CompileTask:
C1:    807  566       1       java.net.URLStreamHandler::parseURL (1201 bytes)

Stack: [0x000000fe8ae00000,0x000000fe8af00000]
Native frames: (J=compiled Java code, j=interpreted, Vv=VM code, C=native code)
V  [jvm.dll+0x62ae9a]
V  [jvm.dll+0x7817a9]
V  [jvm.dll+0x782f03]
V  [jvm.dll+0x783563]
V  [jvm.dll+0x216325]
V  [jvm.dll+0x982cf]
V  [jvm.dll+0x9861c]
V  [jvm.dll+0xa4297]
V  [jvm.dll+0x147333]
V  [jvm.dll+0x146a38]
V  [jvm.dll+0x146b4f]
V  [jvm.dll+0x13cf46]
V  [jvm.dll+0x1398fe]
V  [jvm.dll+0x1278f0]
V  [jvm.dll+0x10ffd9]
V  [jvm.dll+0x10f91f]
V  [jvm.dll+0x10fb54]
V  [jvm.dll+0x10ee92]
V  [jvm.dll+0x110d2c]
V  [jvm.dll+0x1f9225]
V  [jvm.dll+0x1f72cc]
V  [jvm.dll+0x74495d]
V  [jvm.dll+0x73d75a]
V  [jvm.dll+0x629c56]
C  [ucrtbase.dll+0x21bb2]
C  [KERNEL32.DLL+0x17034]
C  [ntdll.dll+0x52651]


---------------  P R O C E S S  ---------------

Threads class SMR info:
_java_thread_list=0x0000028c7d2edde0, length=10, elements={
0x0000028c60f85f40, 0x0000028c7c951030, 0x0000028c7c952280, 0x0000028c7d16d640,
0x0000028c7d16df00, 0x0000028c7d16f460, 0x0000028c7d1a1420, 0x0000028c7d1a80f0,
0x0000028c7d2e7fd0, 0x0000028c7d2f0f70
}

Java Threads: ( => current thread )
  0x0000028c60f85f40 JavaThread "main" [_thread_blocked, id=5652, stack(0x000000fe8a200000,0x000000fe8a300000)]
  0x0000028c7c951030 JavaThread "Reference Handler" daemon [_thread_blocked, id=1340, stack(0x000000fe8a900000,0x000000fe8aa00000)]
  0x0000028c7c952280 JavaThread "Finalizer" daemon [_thread_blocked, id=5240, stack(0x000000fe8aa00000,0x000000fe8ab00000)]
  0x0000028c7d16d640 JavaThread "Signal Dispatcher" daemon [_thread_blocked, id=15156, stack(0x000000fe8ab00000,0x000000fe8ac00000)]
  0x0000028c7d16df00 JavaThread "Attach Listener" daemon [_thread_blocked, id=12264, stack(0x000000fe8ac00000,0x000000fe8ad00000)]
  0x0000028c7d16f460 JavaThread "Service Thread" daemon [_thread_blocked, id=1020, stack(0x000000fe8ad00000,0x000000fe8ae00000)]
=>0x0000028c7d1a1420 JavaThread "C1 CompilerThread0" daemon [_thread_in_native, id=13360, stack(0x000000fe8ae00000,0x000000fe8af00000)]
  0x0000028c7d1a80f0 JavaThread "Sweeper thread" daemon [_thread_blocked, id=11780, stack(0x000000fe8af00000,0x000000fe8b000000)]
  0x0000028c7d2e7fd0 JavaThread "Notification Thread" daemon [_thread_blocked, id=14204, stack(0x000000fe8b000000,0x000000fe8b100000)]
  0x0000028c7d2f0f70 JavaThread "Common-Cleaner" daemon [_thread_blocked, id=9364, stack(0x000000fe8b200000,0x000000fe8b300000)]

Other Threads:
  0x0000028c7c93bde0 VMThread "VM Thread" [stack: 0x000000fe8a800000,0x000000fe8a900000] [id=2736]
  0x0000028c7d2e8c40 WatcherThread [stack: 0x000000fe8b100000,0x000000fe8b200000] [id=10364]
  0x0000028c60fc42f0 GCTaskThread "GC Thread#0" [stack: 0x000000fe8a300000,0x000000fe8a400000] [id=12636]
  0x0000028c7da2ad00 GCTaskThread "GC Thread#1" [stack: 0x000000fe8b300000,0x000000fe8b400000] [id=1964]
  0x0000028c7da28060 GCTaskThread "GC Thread#2" [stack: 0x000000fe8b400000,0x000000fe8b500000] [id=6772]
  0x0000028c60fd6150 ConcurrentGCThread "G1 Main Marker" [stack: 0x000000fe8a400000,0x000000fe8a500000] [id=6604]
  0x0000028c60fd84f0 ConcurrentGCThread "G1 Conc#0" [stack: 0x000000fe8a500000,0x000000fe8a600000] [id=11532]
  0x0000028c610431d0 ConcurrentGCThread "G1 Refine#0" [stack: 0x000000fe8a600000,0x000000fe8a700000] [id=6836]
  0x0000028c7c770090 ConcurrentGCThread "G1 Young RemSet Sampling" [stack: 0x000000fe8a700000,0x000000fe8a800000] [id=2696]

Threads with active compile tasks:
C1 CompilerThread0      891  566       1       java.net.URLStreamHandler::parseURL (1201 bytes)

VM state: at safepoint (normal execution)

VM Mutex/Monitor currently owned by a thread:  ([mutex/lock_event])
[0x0000028c60f81200] Threads_lock - owner thread: 0x0000028c7c93bde0
[0x0000028c60f81ef0] Heap_lock - owner thread: 0x0000028c60f85f40

Heap address: 0x0000000081c00000, size: 2020 MB, Compressed Oops mode: 32-bit
CDS disabled.
Compressed class space mapped at: 0x0000000100000000-0x0000000140000000, size: 1073741824
Narrow klass base: 0x0000000000000000, Narrow klass shift: 3, Narrow klass range: 0x140000000

GC Precious Log:
 CPUs: 4 total, 4 available
 Memory: 8077M
 Large Page Support: Disabled
 NUMA Support: Disabled
 Compressed Oops: Enabled (32-bit)
 Heap Region Size: 1M
 Heap Min Capacity: 8M
 Heap Initial Capacity: 128M
 Heap Max Capacity: 2020M
 Pre-touch: Disabled
 Parallel Workers: 4
 Concurrent Workers: 1
 Concurrent Refinement Workers: 4
 Periodic GC: Disabled

Heap:
 garbage-first heap   total 131072K, used 6840K [0x0000000081c00000, 0x0000000100000000)
  region size 1024K, 2 young (2048K), 2 survivors (2048K)
 Metaspace       used 9235K, capacity 9274K, committed 9344K, reserved 1067008K
  class space    used 833K, capacity 854K, committed 896K, reserved 1048576K

Heap Regions: E=young(eden), S=young(survivor), O=old, HS=humongous(starts), HC=humongous(continues), CS=collection set, F=free, OA=open archive, CA=closed archive, TAMS=top-at-mark-start (previous, next)
|   0|0x0000000081c00000, 0x0000000081d00000, 0x0000000081d00000|100%| O|  |TAMS 0x0000000081c00000, 0x0000000081c00000| Untracked 
|   1|0x0000000081d00000, 0x0000000081e00000, 0x0000000081e00000|100%| O|  |TAMS 0x0000000081d00000, 0x0000000081e00000| Untracked 
|   2|0x0000000081e00000, 0x0000000081f00000, 0x0000000081f00000|100%| O|  |TAMS 0x0000000081e00000, 0x0000000081f00000| Untracked 
|   3|0x0000000081f00000, 0x0000000082000000, 0x0000000082000000|100%| O|  |TAMS 0x0000000081f00000, 0x0000000082000000| Untracked 
|   4|0x0000000082000000, 0x0000000082100000, 0x0000000082100000|100%| O|  |TAMS 0x0000000082000000, 0x00000000820b0a00| Untracked 
|   5|0x0000000082100000, 0x0000000082192400, 0x0000000082200000| 57%| O|  |TAMS 0x0000000082100000, 0x0000000082100000| Untracked 
|   6|0x0000000082200000, 0x0000000082200000, 0x0000000082300000|  0%| F|  |TAMS 0x0000000082200000, 0x0000000082200000| Untracked 
|   7|0x0000000082300000, 0x0000000082300000, 0x0000000082400000|  0%| F|  |TAMS 0x0000000082300000, 0x0000000082300000| Untracked 
|   8|0x0000000082400000, 0x0000000082400000, 0x0000000082500000|  0%| F|  |TAMS 0x0000000082400000, 0x0000000082400000| Untracked 
|   9|0x0000000082500000, 0x0000000082500000, 0x0000000082600000|  0%| F|  |TAMS 0x0000000082500000, 0x0000000082500000| Untracked 
|  10|0x0000000082600000, 0x0000000082600000, 0x0000000082700000|  0%| F|  |TAMS 0x0000000082600000, 0x0000000082600000| Untracked 
|  11|0x0000000082700000, 0x0000000082700000, 0x0000000082800000|  0%| F|  |TAMS 0x0000000082700000, 0x0000000082700000| Untracked 
|  12|0x0000000082800000, 0x0000000082800000, 0x0000000082900000|  0%| F|  |TAMS 0x0000000082800000, 0x0000000082800000| Untracked 
|  13|0x0000000082900000, 0x0000000082900000, 0x0000000082a00000|  0%| F|  |TAMS 0x0000000082900000, 0x0000000082900000| Untracked 
|  14|0x0000000082a00000, 0x0000000082a00000, 0x0000000082b00000|  0%| F|  |TAMS 0x0000000082a00000, 0x0000000082a00000| Untracked 
|  15|0x0000000082b00000, 0x0000000082b00000, 0x0000000082c00000|  0%| F|  |TAMS 0x0000000082b00000, 0x0000000082b00000| Untracked 
|  16|0x0000000082c00000, 0x0000000082c00000, 0x0000000082d00000|  0%| F|  |TAMS 0x0000000082c00000, 0x0000000082c00000| Untracked 
|  17|0x0000000082d00000, 0x0000000082d00000, 0x0000000082e00000|  0%| F|  |TAMS 0x0000000082d00000, 0x0000000082d00000| Untracked 
|  18|0x0000000082e00000, 0x0000000082e00000, 0x0000000082f00000|  0%| F|  |TAMS 0x0000000082e00000, 0x0000000082e00000| Untracked 
|  19|0x0000000082f00000, 0x0000000082f00000, 0x0000000083000000|  0%| F|  |TAMS 0x0000000082f00000, 0x0000000082f00000| Untracked 
|  20|0x0000000083000000, 0x0000000083000000, 0x0000000083100000|  0%| F|  |TAMS 0x0000000083000000, 0x0000000083000000| Untracked 
|  21|0x0000000083100000, 0x0000000083100000, 0x0000000083200000|  0%| F|  |TAMS 0x0000000083100000, 0x0000000083100000| Untracked 
|  22|0x0000000083200000, 0x0000000083200000, 0x0000000083300000|  0%| F|  |TAMS 0x0000000083200000, 0x0000000083200000| Untracked 
|  23|0x0000000083300000, 0x0000000083300000, 0x0000000083400000|  0%| F|  |TAMS 0x0000000083300000, 0x0000000083300000| Untracked 
|  24|0x0000000083400000, 0x0000000083400000, 0x0000000083500000|  0%| F|  |TAMS 0x0000000083400000, 0x0000000083400000| Untracked 
|  25|0x0000000083500000, 0x0000000083500000, 0x0000000083600000|  0%| F|  |TAMS 0x0000000083500000, 0x0000000083500000| Untracked 
|  26|0x0000000083600000, 0x0000000083600000, 0x0000000083700000|  0%| F|  |TAMS 0x0000000083600000, 0x0000000083600000| Untracked 
|  27|0x0000000083700000, 0x0000000083700000, 0x0000000083800000|  0%| F|  |TAMS 0x0000000083700000, 0x0000000083700000| Untracked 
|  28|0x0000000083800000, 0x0000000083800000, 0x0000000083900000|  0%| F|  |TAMS 0x0000000083800000, 0x0000000083800000| Untracked 
|  29|0x0000000083900000, 0x0000000083900000, 0x0000000083a00000|  0%| F|  |TAMS 0x0000000083900000, 0x0000000083900000| Untracked 
|  30|0x0000000083a00000, 0x0000000083a00000, 0x0000000083b00000|  0%| F|  |TAMS 0x0000000083a00000, 0x0000000083a00000| Untracked 
|  31|0x0000000083b00000, 0x0000000083b00000, 0x0000000083c00000|  0%| F|  |TAMS 0x0000000083b00000, 0x0000000083b00000| Untracked 
|  32|0x0000000083c00000, 0x0000000083c00000, 0x0000000083d00000|  0%| F|  |TAMS 0x0000000083c00000, 0x0000000083c00000| Untracked 
|  33|0x0000000083d00000, 0x0000000083d00000, 0x0000000083e00000|  0%| F|  |TAMS 0x0000000083d00000, 0x0000000083d00000| Untracked 
|  34|0x0000000083e00000, 0x0000000083e00000, 0x0000000083f00000|  0%| F|  |TAMS 0x0000000083e00000, 0x0000000083e00000| Untracked 
|  35|0x0000000083f00000, 0x0000000083f00000, 0x0000000084000000|  0%| F|  |TAMS 0x0000000083f00000, 0x0000000083f00000| Untracked 
|  36|0x0000000084000000, 0x0000000084000000, 0x0000000084100000|  0%| F|  |TAMS 0x0000000084000000, 0x0000000084000000| Untracked 
|  37|0x0000000084100000, 0x0000000084100000, 0x0000000084200000|  0%| F|  |TAMS 0x0000000084100000, 0x0000000084100000| Untracked 
|  38|0x0000000084200000, 0x0000000084200000, 0x0000000084300000|  0%| F|  |TAMS 0x0000000084200000, 0x0000000084200000| Untracked 
|  39|0x0000000084300000, 0x0000000084300000, 0x0000000084400000|  0%| F|  |TAMS 0x0000000084300000, 0x0000000084300000| Untracked 
|  40|0x0000000084400000, 0x0000000084400000, 0x0000000084500000|  0%| F|  |TAMS 0x0000000084400000, 0x0000000084400000| Untracked 
|  41|0x0000000084500000, 0x0000000084500000, 0x0000000084600000|  0%| F|  |TAMS 0x0000000084500000, 0x0000000084500000| Untracked 
|  42|0x0000000084600000, 0x0000000084600000, 0x0000000084700000|  0%| F|  |TAMS 0x0000000084600000, 0x0000000084600000| Untracked 
|  43|0x0000000084700000, 0x0000000084700000, 0x0000000084800000|  0%| F|  |TAMS 0x0000000084700000, 0x0000000084700000| Untracked 
|  44|0x0000000084800000, 0x0000000084800000, 0x0000000084900000|  0%| F|  |TAMS 0x0000000084800000, 0x0000000084800000| Untracked 
|  45|0x0000000084900000, 0x0000000084900000, 0x0000000084a00000|  0%| F|  |TAMS 0x0000000084900000, 0x0000000084900000| Untracked 
|  46|0x0000000084a00000, 0x0000000084a00000, 0x0000000084b00000|  0%| F|  |TAMS 0x0000000084a00000, 0x0000000084a00000| Untracked 
|  47|0x0000000084b00000, 0x0000000084b00000, 0x0000000084c00000|  0%| F|  |TAMS 0x0000000084b00000, 0x0000000084b00000| Untracked 
|  48|0x0000000084c00000, 0x0000000084c00000, 0x0000000084d00000|  0%| F|  |TAMS 0x0000000084c00000, 0x0000000084c00000| Untracked 
|  49|0x0000000084d00000, 0x0000000084d00000, 0x0000000084e00000|  0%| F|  |TAMS 0x0000000084d00000, 0x0000000084d00000| Untracked 
|  50|0x0000000084e00000, 0x0000000084e00000, 0x0000000084f00000|  0%| F|  |TAMS 0x0000000084e00000, 0x0000000084e00000| Untracked 
|  51|0x0000000084f00000, 0x0000000084f00000, 0x0000000085000000|  0%| F|  |TAMS 0x0000000084f00000, 0x0000000084f00000| Untracked 
|  52|0x0000000085000000, 0x0000000085000000, 0x0000000085100000|  0%| F|  |TAMS 0x0000000085000000, 0x0000000085000000| Untracked 
|  53|0x0000000085100000, 0x0000000085100000, 0x0000000085200000|  0%| F|  |TAMS 0x0000000085100000, 0x0000000085100000| Untracked 
|  54|0x0000000085200000, 0x0000000085200000, 0x0000000085300000|  0%| F|  |TAMS 0x0000000085200000, 0x0000000085200000| Untracked 
|  55|0x0000000085300000, 0x0000000085300000, 0x0000000085400000|  0%| F|  |TAMS 0x0000000085300000, 0x0000000085300000| Untracked 
|  56|0x0000000085400000, 0x0000000085400000, 0x0000000085500000|  0%| F|  |TAMS 0x0000000085400000, 0x0000000085400000| Untracked 
|  57|0x0000000085500000, 0x0000000085500000, 0x0000000085600000|  0%| F|  |TAMS 0x0000000085500000, 0x0000000085500000| Untracked 
|  58|0x0000000085600000, 0x0000000085600000, 0x0000000085700000|  0%| F|  |TAMS 0x0000000085600000, 0x0000000085600000| Untracked 
|  59|0x0000000085700000, 0x0000000085700000, 0x0000000085800000|  0%| F|  |TAMS 0x0000000085700000, 0x0000000085700000| Untracked 
|  60|0x0000000085800000, 0x0000000085800000, 0x0000000085900000|  0%| F|  |TAMS 0x0000000085800000, 0x0000000085800000| Untracked 
|  61|0x0000000085900000, 0x0000000085900000, 0x0000000085a00000|  0%| F|  |TAMS 0x0000000085900000, 0x0000000085900000| Untracked 
|  62|0x0000000085a00000, 0x0000000085a00000, 0x0000000085b00000|  0%| F|  |TAMS 0x0000000085a00000, 0x0000000085a00000| Untracked 
|  63|0x0000000085b00000, 0x0000000085b00000, 0x0000000085c00000|  0%| F|  |TAMS 0x0000000085b00000, 0x0000000085b00000| Untracked 
|  64|0x0000000085c00000, 0x0000000085c00000, 0x0000000085d00000|  0%| F|  |TAMS 0x0000000085c00000, 0x0000000085c00000| Untracked 
|  65|0x0000000085d00000, 0x0000000085d00000, 0x0000000085e00000|  0%| F|  |TAMS 0x0000000085d00000, 0x0000000085d00000| Untracked 
|  66|0x0000000085e00000, 0x0000000085e00000, 0x0000000085f00000|  0%| F|  |TAMS 0x0000000085e00000, 0x0000000085e00000| Untracked 
|  67|0x0000000085f00000, 0x0000000085f00000, 0x0000000086000000|  0%| F|  |TAMS 0x0000000085f00000, 0x0000000085f00000| Untracked 
|  68|0x0000000086000000, 0x0000000086000000, 0x0000000086100000|  0%| F|  |TAMS 0x0000000086000000, 0x0000000086000000| Untracked 
|  69|0x0000000086100000, 0x0000000086100000, 0x0000000086200000|  0%| F|  |TAMS 0x0000000086100000, 0x0000000086100000| Untracked 
|  70|0x0000000086200000, 0x0000000086200000, 0x0000000086300000|  0%| F|  |TAMS 0x0000000086200000, 0x0000000086200000| Untracked 
|  71|0x0000000086300000, 0x0000000086300000, 0x0000000086400000|  0%| F|  |TAMS 0x0000000086300000, 0x0000000086300000| Untracked 
|  72|0x0000000086400000, 0x0000000086400000, 0x0000000086500000|  0%| F|  |TAMS 0x0000000086400000, 0x0000000086400000| Untracked 
|  73|0x0000000086500000, 0x0000000086500000, 0x0000000086600000|  0%| F|  |TAMS 0x0000000086500000, 0x0000000086500000| Untracked 
|  74|0x0000000086600000, 0x0000000086600000, 0x0000000086700000|  0%| F|  |TAMS 0x0000000086600000, 0x0000000086600000| Untracked 
|  75|0x0000000086700000, 0x0000000086700000, 0x0000000086800000|  0%| F|  |TAMS 0x0000000086700000, 0x0000000086700000| Untracked 
|  76|0x0000000086800000, 0x0000000086800000, 0x0000000086900000|  0%| F|  |TAMS 0x0000000086800000, 0x0000000086800000| Untracked 
|  77|0x0000000086900000, 0x0000000086900000, 0x0000000086a00000|  0%| F|  |TAMS 0x0000000086900000, 0x0000000086900000| Untracked 
|  78|0x0000000086a00000, 0x0000000086a00000, 0x0000000086b00000|  0%| F|  |TAMS 0x0000000086a00000, 0x0000000086a00000| Untracked 
|  79|0x0000000086b00000, 0x0000000086b00000, 0x0000000086c00000|  0%| F|  |TAMS 0x0000000086b00000, 0x0000000086b00000| Untracked 
|  80|0x0000000086c00000, 0x0000000086c00000, 0x0000000086d00000|  0%| F|  |TAMS 0x0000000086c00000, 0x0000000086c00000| Untracked 
|  81|0x0000000086d00000, 0x0000000086d00000, 0x0000000086e00000|  0%| F|  |TAMS 0x0000000086d00000, 0x0000000086d00000| Untracked 
|  82|0x0000000086e00000, 0x0000000086e00000, 0x0000000086f00000|  0%| F|  |TAMS 0x0000000086e00000, 0x0000000086e00000| Untracked 
|  83|0x0000000086f00000, 0x0000000086f00000, 0x0000000087000000|  0%| F|  |TAMS 0x0000000086f00000, 0x0000000086f00000| Untracked 
|  84|0x0000000087000000, 0x0000000087000000, 0x0000000087100000|  0%| F|  |TAMS 0x0000000087000000, 0x0000000087000000| Untracked 
|  85|0x0000000087100000, 0x0000000087100000, 0x0000000087200000|  0%| F|  |TAMS 0x0000000087100000, 0x0000000087100000| Untracked 
|  86|0x0000000087200000, 0x0000000087200000, 0x0000000087300000|  0%| F|  |TAMS 0x0000000087200000, 0x0000000087200000| Untracked 
|  87|0x0000000087300000, 0x0000000087300000, 0x0000000087400000|  0%| F|  |TAMS 0x0000000087300000, 0x0000000087300000| Untracked 
|  88|0x0000000087400000, 0x0000000087400000, 0x0000000087500000|  0%| F|  |TAMS 0x0000000087400000, 0x0000000087400000| Untracked 
|  89|0x0000000087500000, 0x0000000087500000, 0x0000000087600000|  0%| F|  |TAMS 0x0000000087500000, 0x0000000087500000| Untracked 
|  90|0x0000000087600000, 0x0000000087600000, 0x0000000087700000|  0%| F|  |TAMS 0x0000000087600000, 0x0000000087600000| Untracked 
|  91|0x0000000087700000, 0x0000000087700000, 0x0000000087800000|  0%| F|  |TAMS 0x0000000087700000, 0x0000000087700000| Untracked 
|  92|0x0000000087800000, 0x0000000087800000, 0x0000000087900000|  0%| F|  |TAMS 0x0000000087800000, 0x0000000087800000| Untracked 
|  93|0x0000000087900000, 0x0000000087900000, 0x0000000087a00000|  0%| F|  |TAMS 0x0000000087900000, 0x0000000087900000| Untracked 
|  94|0x0000000087a00000, 0x0000000087a00000, 0x0000000087b00000|  0%| F|  |TAMS 0x0000000087a00000, 0x0000000087a00000| Untracked 
|  95|0x0000000087b00000, 0x0000000087b00000, 0x0000000087c00000|  0%| F|  |TAMS 0x0000000087b00000, 0x0000000087b00000| Untracked 
|  96|0x0000000087c00000, 0x0000000087c00000, 0x0000000087d00000|  0%| F|  |TAMS 0x0000000087c00000, 0x0000000087c00000| Untracked 
|  97|0x0000000087d00000, 0x0000000087d00000, 0x0000000087e00000|  0%| F|  |TAMS 0x0000000087d00000, 0x0000000087d00000| Untracked 
|  98|0x0000000087e00000, 0x0000000087e00000, 0x0000000087f00000|  0%| F|  |TAMS 0x0000000087e00000, 0x0000000087e00000| Untracked 
|  99|0x0000000087f00000, 0x0000000087f00000, 0x0000000088000000|  0%| F|  |TAMS 0x0000000087f00000, 0x0000000087f00000| Untracked 
| 100|0x0000000088000000, 0x0000000088000000, 0x0000000088100000|  0%| F|  |TAMS 0x0000000088000000, 0x0000000088000000| Untracked 
| 101|0x0000000088100000, 0x0000000088100000, 0x0000000088200000|  0%| F|  |TAMS 0x0000000088100000, 0x0000000088100000| Untracked 
| 102|0x0000000088200000, 0x0000000088200000, 0x0000000088300000|  0%| F|  |TAMS 0x0000000088200000, 0x0000000088200000| Untracked 
| 103|0x0000000088300000, 0x0000000088300000, 0x0000000088400000|  0%| F|  |TAMS 0x0000000088300000, 0x0000000088300000| Untracked 
| 104|0x0000000088400000, 0x0000000088400000, 0x0000000088500000|  0%| F|  |TAMS 0x0000000088400000, 0x0000000088400000| Untracked 
| 105|0x0000000088500000, 0x0000000088500000, 0x0000000088600000|  0%| F|  |TAMS 0x0000000088500000, 0x0000000088500000| Untracked 
| 106|0x0000000088600000, 0x0000000088600000, 0x0000000088700000|  0%| F|  |TAMS 0x0000000088600000, 0x0000000088600000| Untracked 
| 107|0x0000000088700000, 0x0000000088700000, 0x0000000088800000|  0%| F|  |TAMS 0x0000000088700000, 0x0000000088700000| Untracked 
| 108|0x0000000088800000, 0x0000000088800000, 0x0000000088900000|  0%| F|  |TAMS 0x0000000088800000, 0x0000000088800000| Untracked 
| 109|0x0000000088900000, 0x0000000088900000, 0x0000000088a00000|  0%| F|  |TAMS 0x0000000088900000, 0x0000000088900000| Untracked 
| 110|0x0000000088a00000, 0x0000000088a00000, 0x0000000088b00000|  0%| F|  |TAMS 0x0000000088a00000, 0x0000000088a00000| Untracked 
| 111|0x0000000088b00000, 0x0000000088b00000, 0x0000000088c00000|  0%| F|  |TAMS 0x0000000088b00000, 0x0000000088b00000| Untracked 
| 112|0x0000000088c00000, 0x0000000088c00000, 0x0000000088d00000|  0%| F|  |TAMS 0x0000000088c00000, 0x0000000088c00000| Untracked 
| 113|0x0000000088d00000, 0x0000000088d00000, 0x0000000088e00000|  0%| F|  |TAMS 0x0000000088d00000, 0x0000000088d00000| Untracked 
| 114|0x0000000088e00000, 0x0000000088e00000, 0x0000000088f00000|  0%| F|  |TAMS 0x0000000088e00000, 0x0000000088e00000| Untracked 
| 115|0x0000000088f00000, 0x0000000088f00000, 0x0000000089000000|  0%| F|  |TAMS 0x0000000088f00000, 0x0000000088f00000| Untracked 
| 116|0x0000000089000000, 0x0000000089000000, 0x0000000089100000|  0%| F|  |TAMS 0x0000000089000000, 0x0000000089000000| Untracked 
| 117|0x0000000089100000, 0x0000000089100000, 0x0000000089200000|  0%| F|  |TAMS 0x0000000089100000, 0x0000000089100000| Untracked 
| 118|0x0000000089200000, 0x0000000089200000, 0x0000000089300000|  0%| F|  |TAMS 0x0000000089200000, 0x0000000089200000| Untracked 
| 119|0x0000000089300000, 0x0000000089300000, 0x0000000089400000|  0%| F|  |TAMS 0x0000000089300000, 0x0000000089300000| Untracked 
| 120|0x0000000089400000, 0x0000000089400000, 0x0000000089500000|  0%| F|  |TAMS 0x0000000089400000, 0x0000000089400000| Untracked 
| 121|0x0000000089500000, 0x000000008951be60, 0x0000000089600000| 10%| S|CS|TAMS 0x0000000089500000, 0x0000000089500000| Complete 
| 122|0x0000000089600000, 0x0000000089700000, 0x0000000089700000|100%| S|CS|TAMS 0x0000000089600000, 0x0000000089600000| Complete 
| 123|0x0000000089700000, 0x0000000089700000, 0x0000000089800000|  0%| F|  |TAMS 0x0000000089700000, 0x0000000089700000| Untracked 
| 124|0x0000000089800000, 0x0000000089800000, 0x0000000089900000|  0%| F|  |TAMS 0x0000000089800000, 0x0000000089800000| Untracked 
| 125|0x0000000089900000, 0x0000000089900000, 0x0000000089a00000|  0%| F|  |TAMS 0x0000000089900000, 0x0000000089900000| Untracked 
| 126|0x0000000089a00000, 0x0000000089a00000, 0x0000000089b00000|  0%| F|  |TAMS 0x0000000089a00000, 0x0000000089a00000| Untracked 
| 127|0x0000000089b00000, 0x0000000089b00000, 0x0000000089c00000|  0%| F|  |TAMS 0x0000000089b00000, 0x0000000089b00000| Untracked 

Card table byte_map: [0x0000028c75ba0000,0x0000028c75fa0000] _byte_map_base: 0x0000028c75792000

Marking Bits (Prev, Next): (CMBitMap*) 0x0000028c60fc4b60, (CMBitMap*) 0x0000028c60fc4ba0
 Prev Bits: [0x0000028c763a0000, 0x0000028c78330000)
 Next Bits: [0x0000028c78330000, 0x0000028c7a2c0000)

Polling page: 0x0000028c61050000

Metaspace:

Usage:
  Non-class:      8.22 MB capacity,     8.21 MB (>99%) used,    12.92 KB ( <1%) free+waste,     5.00 KB ( <1%) overhead. 
      Class:    854.00 KB capacity,   833.54 KB ( 98%) used,    18.77 KB (  2%) free+waste,     1.69 KB ( <1%) overhead. 
       Both:      9.06 MB capacity,     9.02 MB (>99%) used,    31.70 KB ( <1%) free+waste,     6.69 KB ( <1%) overhead. 

Virtual space:
  Non-class space:       18.00 MB reserved,       8.25 MB ( 46%) committed 
      Class space:        1.00 GB reserved,     896.00 KB ( <1%) committed 
             Both:        1.02 GB reserved,       9.12 MB ( <1%) committed 

Chunk freelists:
   Non-Class:  28.00 KB
       Class:  10.00 KB
        Both:  38.00 KB

MaxMetaspaceSize: 17179869184.00 GB
CompressedClassSpaceSize: 1.00 GB

CodeHeap 'non-profiled nmethods': size=238912Kb used=779Kb max_used=779Kb free=238132Kb
 bounds [0x0000028c66830000, 0x0000028c66aa0000, 0x0000028c75180000]
CodeHeap 'non-nmethods': size=6848Kb used=1132Kb max_used=1132Kb free=5715Kb
 bounds [0x0000028c66180000, 0x0000028c663f0000, 0x0000028c66830000]
 total_blobs=948 nmethods=565 adapters=311
 compilation: enabled
              stopped_count=0, restarted_count=0
 full_count=0

Compilation events (20 events):
Event: 0.764 Thread 0x0000028c7d1a1420 nmethod 553 0x0000028c668ef590 code [0x0000028c668ef740, 0x0000028c668ef898]
Event: 0.765 Thread 0x0000028c7d1a1420  554       1       java.lang.Class::getPackageName (81 bytes)
Event: 0.766 Thread 0x0000028c7d1a1420 nmethod 554 0x0000028c668ef990 code [0x0000028c668efba0, 0x0000028c668eff28]
Event: 0.766 Thread 0x0000028c7d1a1420  555       1       java.util.HashMap::containsKey (14 bytes)
Event: 0.766 Thread 0x0000028c7d1a1420 nmethod 555 0x0000028c668f0210 code [0x0000028c668f03a0, 0x0000028c668f0488]
Event: 0.769 Thread 0x0000028c7d1a1420  557       1       jdk.internal.org.objectweb.asm.ClassReader::readUnsignedShort (26 bytes)
Event: 0.769 Thread 0x0000028c7d1a1420 nmethod 557 0x0000028c668f0810 code [0x0000028c668f09a0, 0x0000028c668f0ab8]
Event: 0.769 Thread 0x0000028c7d1a1420  558       1       java.lang.invoke.MethodType$ConcurrentWeakInternSet$WeakEntry::hashCode (5 bytes)
Event: 0.769 Thread 0x0000028c7d1a1420 nmethod 558 0x0000028c668f0b90 code [0x0000028c668f0d20, 0x0000028c668f0dd8]
Event: 0.771 Thread 0x0000028c7d1a1420  560       1       java.lang.invoke.MethodHandles$Lookup::lookupClass (5 bytes)
Event: 0.772 Thread 0x0000028c7d1a1420 nmethod 560 0x0000028c668f1190 code [0x0000028c668f1320, 0x0000028c668f13d8]
Event: 0.772 Thread 0x0000028c7d1a1420  561       1       java.lang.invoke.MemberName::testAllFlags (7 bytes)
Event: 0.772 Thread 0x0000028c7d1a1420 nmethod 561 0x0000028c668f1490 code [0x0000028c668f1620, 0x0000028c668f16f8]
Event: 0.772 Thread 0x0000028c7d1a1420  562       1       java.lang.invoke.MethodHandle::type (5 bytes)
Event: 0.772 Thread 0x0000028c7d1a1420 nmethod 562 0x0000028c668f1790 code [0x0000028c668f1920, 0x0000028c668f19d8]
Event: 0.775 Thread 0x0000028c7d1a1420  563       1       java.lang.StringUTF16::getChar (60 bytes)
Event: 0.775 Thread 0x0000028c7d1a1420 nmethod 563 0x0000028c668f1a90 code [0x0000028c668f1c20, 0x0000028c668f1d38]
Event: 0.781 Thread 0x0000028c7d1a1420  564       1       sun.net.util.URLUtil::urlNoFragString (114 bytes)
Event: 0.782 Thread 0x0000028c7d1a1420 nmethod 564 0x0000028c668f1e10 code [0x0000028c668f2060, 0x0000028c668f2568]
Event: 0.782 Thread 0x0000028c7d1a1420  566       1       java.net.URLStreamHandler::parseURL (1201 bytes)

GC Heap History (2 events):
Event: 0.528 GC heap before
{Heap before GC invocations=0 (full 0):
 garbage-first heap   total 131072K, used 13312K [0x0000000081c00000, 0x0000000100000000)
  region size 1024K, 13 young (13312K), 0 survivors (0K)
 Metaspace       used 5659K, capacity 5764K, committed 6016K, reserved 1056768K
  class space    used 504K, capacity 560K, committed 640K, reserved 1048576K
}
Event: 0.535 GC heap after
{Heap after GC invocations=1 (full 0):
 garbage-first heap   total 131072K, used 5826K [0x0000000081c00000, 0x0000000100000000)
  region size 1024K, 2 young (2048K), 2 survivors (2048K)
 Metaspace       used 5659K, capacity 5764K, committed 6016K, reserved 1056768K
  class space    used 504K, capacity 560K, committed 640K, reserved 1048576K
}

Deoptimization events (0 events):
No events

Classes unloaded (0 events):
No events

Classes redefined (0 events):
No events

Internal exceptions (3 events):
Event: 0.553 Thread 0x0000028c60f85f40 Exception <a 'java/lang/ClassNotFoundException'{0x0000000089b128c8}: javax/smartcardio/CardPermission> (0x0000000089b128c8) 
thrown [./open/src/hotspot/share/classfile/systemDictionary.cpp, line 295]
Event: 0.557 Thread 0x0000028c60f85f40 Exception <a 'java/io/FileNotFoundException'{0x0000000089b20f40}> (0x0000000089b20f40) 
thrown [./open/src/hotspot/share/prims/jni.cpp, line 578]
Event: 0.591 Thread 0x0000028c60f85f40 Exception <a 'java/lang/NoSuchMethodError'{0x0000000089b69490}: 'void java.lang.invoke.DirectMethodHandle$Holder.invokeSpecial(java.lang.Object, java.lang.Object, java.lang.Object)'> (0x0000000089b69490) 
thrown [./open/src/hotspot/share/interpreter/linkResolver.cpp, line 782]

Events (20 events):
Event: 0.773 loading class java/util/stream/Sink$ChainedInt done
Event: 0.773 loading class java/util/stream/IntPipeline$9$1 done
Event: 0.773 loading class java/lang/StringUTF16$CharsSpliterator
Event: 0.773 loading class java/lang/StringUTF16$CharsSpliterator done
Event: 0.773 loading class java/lang/CharacterData00
Event: 0.774 loading class java/lang/CharacterData00 done
Event: 0.776 loading class java/text/DecimalFormat
Event: 0.777 loading class java/text/DecimalFormat done
Event: 0.778 loading class java/text/FieldPosition
Event: 0.778 loading class java/text/FieldPosition done
Event: 0.778 loading class java/text/DigitList
Event: 0.778 loading class java/text/DigitList done
Event: 0.779 loading class java/math/RoundingMode
Event: 0.779 loading class java/math/RoundingMode done
Event: 0.779 loading class java/util/Date
Event: 0.780 loading class java/util/Date done
Event: 0.784 loading class java/lang/NumberFormatException
Event: 0.785 loading class java/lang/NumberFormatException done
Event: 0.787 loading class java/lang/StringCoding$StringEncoder
Event: 0.787 loading class java/lang/StringCoding$StringEncoder done


Dynamic libraries:
0x00007ff6cf0e0000 - 0x00007ff6cf0ed000 	C:\Users\Obuli\.p2\pool\plugins\org.eclipse.justj.openjdk.hotspot.jre.full.win32.x86_64_15.0.2.v20210201-0955\jre\bin\java.exe
0x00007ffd3e410000 - 0x00007ffd3e605000 	C:\WINDOWS\SYSTEM32\ntdll.dll
0x00007ffd3c550000 - 0x00007ffd3c60e000 	C:\WINDOWS\System32\KERNEL32.DLL
0x00007ffd3bb30000 - 0x00007ffd3bdf9000 	C:\WINDOWS\System32\KERNELBASE.dll
0x00007ffd3bf60000 - 0x00007ffd3c060000 	C:\WINDOWS\System32\ucrtbase.dll
0x00007ffd049d0000 - 0x00007ffd049e9000 	C:\Users\Obuli\.p2\pool\plugins\org.eclipse.justj.openjdk.hotspot.jre.full.win32.x86_64_15.0.2.v20210201-0955\jre\bin\VCRUNTIME140.dll
0x00007ffd049f0000 - 0x00007ffd04a08000 	C:\Users\Obuli\.p2\pool\plugins\org.eclipse.justj.openjdk.hotspot.jre.full.win32.x86_64_15.0.2.v20210201-0955\jre\bin\jli.dll
0x00007ffd3c860000 - 0x00007ffd3ca01000 	C:\WINDOWS\System32\USER32.dll
0x00007ffd31630000 - 0x00007ffd318ca000 	C:\WINDOWS\WinSxS\amd64_microsoft.windows.common-controls_6595b64144ccf1df_6.0.19041.1110_none_60b5254171f9507e\COMCTL32.dll
0x00007ffd3c390000 - 0x00007ffd3c3b2000 	C:\WINDOWS\System32\win32u.dll
0x00007ffd3c7c0000 - 0x00007ffd3c85e000 	C:\WINDOWS\System32\msvcrt.dll
0x00007ffd3c520000 - 0x00007ffd3c54b000 	C:\WINDOWS\System32\GDI32.dll
0x00007ffd3c1c0000 - 0x00007ffd3c2cb000 	C:\WINDOWS\System32\gdi32full.dll
0x00007ffd3c3c0000 - 0x00007ffd3c45d000 	C:\WINDOWS\System32\msvcp_win.dll
0x00007ffd3c790000 - 0x00007ffd3c7c0000 	C:\WINDOWS\System32\IMM32.DLL
0x00007ffd24260000 - 0x00007ffd2426c000 	C:\Users\Obuli\.p2\pool\plugins\org.eclipse.justj.openjdk.hotspot.jre.full.win32.x86_64_15.0.2.v20210201-0955\jre\bin\vcruntime140_1.dll
0x00007ffcfa240000 - 0x00007ffcfa2d1000 	C:\Users\Obuli\.p2\pool\plugins\org.eclipse.justj.openjdk.hotspot.jre.full.win32.x86_64_15.0.2.v20210201-0955\jre\bin\msvcp140.dll
0x00007ffcfb6c0000 - 0x00007ffcfc21e000 	C:\Users\Obuli\.p2\pool\plugins\org.eclipse.justj.openjdk.hotspot.jre.full.win32.x86_64_15.0.2.v20210201-0955\jre\bin\server\jvm.dll
0x00007ffd3d420000 - 0x00007ffd3d4cc000 	C:\WINDOWS\System32\ADVAPI32.dll
0x00007ffd3c610000 - 0x00007ffd3c6ab000 	C:\WINDOWS\System32\sechost.dll
0x00007ffd3d1d0000 - 0x00007ffd3d2fa000 	C:\WINDOWS\System32\RPCRT4.dll
0x00007ffd3d4d0000 - 0x00007ffd3d4d8000 	C:\WINDOWS\System32\PSAPI.DLL
0x00007ffd2e6f0000 - 0x00007ffd2e6f9000 	C:\WINDOWS\SYSTEM32\WSOCK32.dll
0x00007ffd28370000 - 0x00007ffd28397000 	C:\WINDOWS\SYSTEM32\WINMM.dll
0x00007ffd34270000 - 0x00007ffd3427a000 	C:\WINDOWS\SYSTEM32\VERSION.dll
0x00007ffd3d9f0000 - 0x00007ffd3da5b000 	C:\WINDOWS\System32\WS2_32.dll
0x00007ffd3a360000 - 0x00007ffd3a372000 	C:\WINDOWS\SYSTEM32\kernel.appcore.dll
0x00007ffd22ec0000 - 0x00007ffd22eca000 	C:\Users\Obuli\.p2\pool\plugins\org.eclipse.justj.openjdk.hotspot.jre.full.win32.x86_64_15.0.2.v20210201-0955\jre\bin\jimage.dll
0x00007ffd398a0000 - 0x00007ffd39a84000 	C:\WINDOWS\SYSTEM32\DBGHELP.DLL
0x00007ffd31600000 - 0x00007ffd3162c000 	C:\WINDOWS\SYSTEM32\dbgcore.DLL
0x00007ffd3c2d0000 - 0x00007ffd3c353000 	C:\WINDOWS\System32\bcryptPrimitives.dll
0x00007ffd0ed00000 - 0x00007ffd0ed25000 	C:\Users\Obuli\.p2\pool\plugins\org.eclipse.justj.openjdk.hotspot.jre.full.win32.x86_64_15.0.2.v20210201-0955\jre\bin\java.dll
0x00007ffd19ad0000 - 0x00007ffd19ae8000 	C:\Users\Obuli\.p2\pool\plugins\org.eclipse.justj.openjdk.hotspot.jre.full.win32.x86_64_15.0.2.v20210201-0955\jre\bin\zip.dll
0x00007ffd3ca10000 - 0x00007ffd3d14f000 	C:\WINDOWS\System32\SHELL32.dll
0x00007ffd39bd0000 - 0x00007ffd3a360000 	C:\WINDOWS\SYSTEM32\windows.storage.dll
0x00007ffd3d690000 - 0x00007ffd3d9e5000 	C:\WINDOWS\System32\combase.dll
0x00007ffd3b560000 - 0x00007ffd3b58c000 	C:\WINDOWS\SYSTEM32\Wldp.dll
0x00007ffd3d370000 - 0x00007ffd3d41d000 	C:\WINDOWS\System32\SHCORE.dll
0x00007ffd3d170000 - 0x00007ffd3d1c5000 	C:\WINDOWS\System32\shlwapi.dll
0x00007ffd3ba70000 - 0x00007ffd3ba8f000 	C:\WINDOWS\SYSTEM32\profapi.dll
0x00007ffd174f0000 - 0x00007ffd17509000 	C:\Users\Obuli\.p2\pool\plugins\org.eclipse.justj.openjdk.hotspot.jre.full.win32.x86_64_15.0.2.v20210201-0955\jre\bin\net.dll
0x00007ffd323a0000 - 0x00007ffd324a8000 	C:\WINDOWS\SYSTEM32\WINHTTP.dll
0x00007ffd3b210000 - 0x00007ffd3b27a000 	C:\WINDOWS\system32\mswsock.dll
0x00007ffd17280000 - 0x00007ffd17292000 	C:\Users\Obuli\.p2\pool\plugins\org.eclipse.justj.openjdk.hotspot.jre.full.win32.x86_64_15.0.2.v20210201-0955\jre\bin\nio.dll
0x00007ffd1e160000 - 0x00007ffd1e170000 	C:\Users\Obuli\.p2\pool\plugins\org.eclipse.justj.openjdk.hotspot.jre.full.win32.x86_64_15.0.2.v20210201-0955\jre\bin\verify.dll

dbghelp: loaded successfully - version: 4.0.5 - missing functions: none
symbol engine: initialized successfully - sym options: 0x614 - pdb path: .;C:\Users\Obuli\.p2\pool\plugins\org.eclipse.justj.openjdk.hotspot.jre.full.win32.x86_64_15.0.2.v20210201-0955\jre\bin;C:\WINDOWS\SYSTEM32;C:\WINDOWS\WinSxS\amd64_microsoft.windows.common-controls_6595b64144ccf1df_6.0.19041.1110_none_60b5254171f9507e;C:\Users\Obuli\.p2\pool\plugins\org.eclipse.justj.openjdk.hotspot.jre.full.win32.x86_64_15.0.2.v20210201-0955\jre\bin\server

VM Arguments:
jvm_args: -XX:TieredStopAtLevel=1 
java_command: com.pet.proj.PetApiApplication
java_class_path (initial): C:\Users\Obuli\Desktop\Training-Materials\Microservices\Spring-Cloud\pet-api\target\classes;C:\Users\Obuli\.m2\repository\junit\junit\4.13.2\junit-4.13.2.jar;C:\Users\Obuli\.m2\repository\org\hamcrest\hamcrest-core\2.2\hamcrest-core-2.2.jar;C:\Users\Obuli\.m2\repository\ch\qos\logback\logback-classic\1.2.6\logback-classic-1.2.6.jar;C:\Users\Obuli\.m2\repository\ch\qos\logback\logback-core\1.2.6\logback-core-1.2.6.jar;C:\Users\Obuli\.m2\repository\org\apache\logging\log4j\log4j-to-slf4j\2.14.1\log4j-to-slf4j-2.14.1.jar;C:\Users\Obuli\.m2\repository\org\apache\logging\log4j\log4j-api\2.14.1\log4j-api-2.14.1.jar;C:\Users\Obuli\.m2\repository\org\slf4j\jul-to-slf4j\1.7.32\jul-to-slf4j-1.7.32.jar;C:\Users\Obuli\.m2\repository\jakarta\annotation\jakarta.annotation-api\1.3.5\jakarta.annotation-api-1.3.5.jar;C:\Users\Obuli\.m2\repository\org\yaml\snakeyaml\1.28\snakeyaml-1.28.jar;C:\Users\Obuli\.m2\repository\org\springframework\boot\spring-boot-actuator-autoconfigure\2.5.6\spring-boot-actuator-autoconfigure-2.5.6.jar;C:\Users\Obuli\.m2\repository\org\springframework\boot\spring-boot-actuator\2.5.6\spring-boot-actuator-2.5.6.jar;C:\Users\Obuli\.m2\repository\com\fasterxml\jackson\core\jackson-databind\2.12.5\jackson-databind-2.12.5.jar;C:\Users\Obuli\.m2\repository\com\fasterxml\jackson\datatype\jackson-datatype-jsr310\2.12.5\jackson-datatype-jsr310-2.12.5.jar;C:\Users\Obuli\.m2\repository\io\micrometer\micrometer-core\1.7.5\micrometer-core-1.7.5.jar;C:\Users\Obuli\.m2\repository\org\hdrhistogram\HdrHistogram\2.1.12\HdrHistogram-2.1.12.jar;C:\Users\Obuli\.m2\repository\org\latencyutils\LatencyUtils\2.0.3\LatencyUtils-2.0.3.jar;C:\Users\Obuli\.m2\repository\org\springframework\cloud\spring-cloud-starter-netflix-eureka-client\3.0.4\spring-cloud-starter-netflix-eureka-client-3.0.4.jar;C:\Users\Obuli\.m2\repository\org\springframework\cloud\spring-cloud-starter\3.0.4\spring-cloud-starter-3.0.4.jar;C:\Users\Obuli\.m2\repository\org\springframework\cl
Launcher Type: SUN_STANDARD

[Global flags]
     intx CICompilerCount                          = 3                                         {product} {ergonomic}
     uint ConcGCThreads                            = 1                                         {product} {ergonomic}
     uint G1ConcRefinementThreads                  = 4                                         {product} {ergonomic}
   size_t G1HeapRegionSize                         = 1048576                                   {product} {ergonomic}
    uintx GCDrainStackTargetSize                   = 64                                        {product} {ergonomic}
   size_t InitialHeapSize                          = 134217728                                 {product} {ergonomic}
   size_t MarkStackSize                            = 4194304                                   {product} {ergonomic}
   size_t MaxHeapSize                              = 2118123520                                {product} {ergonomic}
   size_t MaxNewSize                               = 1270874112                                {product} {ergonomic}
   size_t MinHeapDeltaBytes                        = 1048576                                   {product} {ergonomic}
   size_t MinHeapSize                              = 8388608                                   {product} {ergonomic}
    uintx NonNMethodCodeHeapSize                   = 6973028                                {pd product} {ergonomic}
    uintx NonProfiledCodeHeapSize                  = 244685212                              {pd product} {ergonomic}
    uintx ProfiledCodeHeapSize                     = 0                                      {pd product} {ergonomic}
    uintx ReservedCodeCacheSize                    = 251658240                              {pd product} {ergonomic}
     bool SegmentedCodeCache                       = true                                      {product} {ergonomic}
   size_t SoftMaxHeapSize                          = 2118123520                             {manageable} {ergonomic}
     intx TieredStopAtLevel                        = 1                                         {product} {command line}
     bool UseCompressedClassPointers               = true                                 {lp64_product} {ergonomic}
     bool UseCompressedOops                        = true                                 {lp64_product} {ergonomic}
     bool UseG1GC                                  = true                                      {product} {ergonomic}
     bool UseLargePagesIndividualAllocation        = false                                  {pd product} {ergonomic}

Logging:
Log output configuration:
 #0: stdout all=warning uptime,level,tags
 #1: stderr all=off uptime,level,tags

Environment Variables:
JAVA_HOME=C:\Users\Obuli\Desktop\Training-Materials\Jenkins Training\Tools\jdk-17_windows-x64_bin\jdk-17
PATH=C:/Users/Obuli/.p2/pool/plugins/org.eclipse.justj.openjdk.hotspot.jre.full.win32.x86_64_15.0.2.v20210201-0955/jre/bin/server;C:/Users/Obuli/.p2/pool/plugins/org.eclipse.justj.openjdk.hotspot.jre.full.win32.x86_64_15.0.2.v20210201-0955/jre/bin;C:\Program Files (x86)\Microsoft SDKs\Azure\CLI2\wbin;C:\Users\Obuli\Desktop\Training-Materials\Jenkins Training\Tools\jdk-17_windows-x64_bin\jdk-17;C:\Program Files (x86)\Intel\iCLS Client\;C:\Program Files\Intel\iCLS Client\;C:\windows\system32;C:\windows;C:\windows\System32\Wbem;C:\windows\System32\WindowsPowerShell\v1.0\;C:\Program Files (x86)\NVIDIA Corporation\PhysX\Common;C:\WINDOWS\system32;C:\WINDOWS;C:\WINDOWS\System32\Wbem;C:\WINDOWS\System32\WindowsPowerShell\v1.0\;C:\WINDOWS\System32\OpenSSH\;C:\Program Files\nodejs\;C:\Program Files (x86)\Intel\Intel(R) Management Engine Components\DAL;C:\Program Files\Intel\Intel(R) Management Engine Components\DAL;C:\Program Files (x86)\Intel\Intel(R) Management Engine Components\IPT;C:\Program Files\Intel\Intel(R) Management Engine Components\IPT;C:\Program Files\NVIDIA Corporation\NVIDIA NvDLISR;C:\WINDOWS\system32;C:\WINDOWS;C:\WINDOWS\System32\Wbem;C:\WINDOWS\System32\WindowsPowerShell\v1.0\;C:\WINDOWS\System32\OpenSSH\;C:\Program Files\Microsoft VS Code\bin;C:\Program Files\Hashicorp;C:\Program Files\Git\cmd;C:\Program Files\Docker\Docker\resources\bin;C:\ProgramData\DockerDesktop\version-bin;%M2_HOME%\bin;%JAVA_HOME%\bin;C:\Users\Obuli\AppData\Local\Programs\Python\Python39\Scripts\;C:\Users\Obuli\AppData\Local\Programs\Python\Python39\;C:\Users\Obuli\AppData\Local\Microsoft\WindowsApps;C:\Users\Obuli\AppData\Local\GitHubDesktop\bin;C:\Program Files\Microsoft VS Code\bin;C:\Users\Obuli\AppData\Roaming\npm;C:\Users\Obuli\AppData\Local\Microsoft\WindowsApps;C:\Program Files\Hashicorp;C:\Program Files\JetBrains\PyCharm Community Edition 2021.1.1\bin;;C:\Users\Obuli\Desktop\Training-Materials\Jenkins Training\Tools\apache-maven-3.8.3-bin\apache-maven-3.8.3\bin;;C:\WINDOWS\Sy
USERNAME=Obuli
OS=Windows_NT
PROCESSOR_IDENTIFIER=Intel64 Family 6 Model 142 Stepping 9, GenuineIntel



---------------  S Y S T E M  ---------------

OS:
 Windows 10 , 64 bit Build 19041 (10.0.19041.1202)
OS uptime: 0 days 9:16 hours
HyperV virtualization detected

CPU: total 4 (initial active 4) (2 cores per cpu, 2 threads per core) family 6 model 142 stepping 9 microcode 0xb4, cmov, cx8, fxsr, mmx, sse, sse2, sse3, ssse3, sse4.1, sse4.2, popcnt, vzeroupper, avx, avx2, aes, clmul, erms, 3dnowpref, lzcnt, ht, tsc, tscinvbit, bmi1, bmi2, adx, fma, clflush, clflushopt

Memory: 4k page, system-wide physical 8077M (636M free)
TotalPageFile size 9982M (AvailPageFile size 3M)
current process WorkingSet (physical memory assigned to process): 60M, peak: 60M
current process commit charge ("private bytes"): 205M, peak: 206M

vm_info: OpenJDK 64-Bit Server VM (15.0.2+7-27) for windows-amd64 JRE (15.0.2+7-27), built on Dec  7 2020 20:02:38 by "mach5one" with unknown MS VC++:1925

END.
