#
# There is insufficient memory for the Java Runtime Environment to continue.
# Native memory allocation (mmap) failed to map 134217728 bytes for G1 virtual space
# Possible reasons:
#   The system is out of physical RAM or swap space
#   The process is running with CompressedOops enabled, and the Java Heap may be blocking the growth of the native heap
# Possible solutions:
#   Reduce memory load on the system
#   Increase physical memory or swap space
#   Check if swap backing store is full
#   Decrease Java heap size (-Xmx/-Xms)
#   Decrease number of Java threads
#   Decrease Java thread stack sizes (-Xss)
#   Set larger code cache with -XX:ReservedCodeCacheSize=
#   JVM is running with Unscaled Compressed Oops mode in which the Java heap is
#     placed in the first 4GB address space. The Java Heap base address is the
#     maximum limit for the native heap growth. Please use -XX:HeapBaseMinAddress
#     to set the Java Heap base and to place the Java Heap above 4GB virtual address.
# This output file may be truncated or incomplete.
#
#  Out of Memory Error (./open/src/hotspot/os/windows/os_windows.cpp:3321), pid=13460, tid=11820
#
# JRE version:  (15.0.2+7) (build )
# Java VM: OpenJDK 64-Bit Server VM (15.0.2+7-27, mixed mode, sharing, tiered, compressed oops, g1 gc, windows-amd64)
# No core dump will be written. Minidumps are not enabled by default on client versions of Windows
#

---------------  S U M M A R Y ------------

Command Line: -Dmaven.home=EMBEDDED -Dclassworlds.conf=G:\studies\eclipse-workspace\.metadata\.plugins\org.eclipse.m2e.launching\launches\m2conf16953538128419931801.tmp -Dmaven.multiModuleProjectDirectory=C:\Users\Obuli\Desktop\Training-Materials\Microservices\Spring-Cloud\pet-food -Dfile.encoding=Cp1252 -XX:+ShowCodeDetailsInExceptionMessages org.codehaus.plexus.classworlds.launcher.Launcher -B spring-boot:run

Host: Intel(R) Core(TM) i5-7200U CPU @ 2.50GHz, 4 cores, 7G,  Windows 10 , 64 bit Build 19041 (10.0.19041.1202)
Time: Sat Oct 23 08:22:26 2021 India Standard Time elapsed time: 0.051385 seconds (0d 0h 0m 0s)

---------------  T H R E A D  ---------------

Current thread (0x0000023a7710e780):  JavaThread "Unknown thread" [_thread_in_vm, id=11820, stack(0x000000dc89000000,0x000000dc89100000)]

Stack: [0x000000dc89000000,0x000000dc89100000]
Native frames: (J=compiled Java code, j=interpreted, Vv=VM code, C=native code)
V  [jvm.dll+0x62ae9a]
V  [jvm.dll+0x7817a9]
V  [jvm.dll+0x782f03]
V  [jvm.dll+0x783563]
V  [jvm.dll+0x216325]
V  [jvm.dll+0x6281d9]
V  [jvm.dll+0x61cf55]
V  [jvm.dll+0x2cffdd]
V  [jvm.dll+0x2cfe42]
V  [jvm.dll+0x2d5e1c]
V  [jvm.dll+0x32590a]
V  [jvm.dll+0x324fd4]
V  [jvm.dll+0x2a6f5a]
V  [jvm.dll+0x2a80f8]
V  [jvm.dll+0x75e241]
V  [jvm.dll+0x3341c4]
V  [jvm.dll+0x73e926]
V  [jvm.dll+0x3b7557]
V  [jvm.dll+0x3b8fe1]
C  [jli.dll+0x52fb]
C  [ucrtbase.dll+0x21bb2]
C  [KERNEL32.DLL+0x17034]
C  [ntdll.dll+0x52651]


---------------  P R O C E S S  ---------------

Threads class SMR info:
_java_thread_list=0x00007ffcfc184ff0, length=0, elements={
}

Java Threads: ( => current thread )

Other Threads:
  0x0000023a79111c80 GCTaskThread "GC Thread#0" [stack: 0x000000dc89100000,0x000000dc89200000] [id=14416]
  0x0000023a791231f0 ConcurrentGCThread "G1 Main Marker" [stack: 0x000000dc89200000,0x000000dc89300000] [id=10132]
  0x0000023a79124df0 ConcurrentGCThread "G1 Conc#0" [stack: 0x000000dc89300000,0x000000dc89400000] [id=10608]

[error occurred during error reporting (printing all threads), id 0xc0000005, EXCEPTION_ACCESS_VIOLATION (0xc0000005) at pc=0x00007ffcfb977e27]

VM state: not at safepoint (not fully initialized)

VM Mutex/Monitor currently owned by a thread:  ([mutex/lock_event])
[0x0000023a7710ac90] Heap_lock - owner thread: 0x0000023a7710e780

Heap address: 0x0000000081c00000, size: 2020 MB, Compressed Oops mode: 32-bit
CDS archive(s) mapped at: [0x0000000000000000-0x0000000000000000-0x0000000000000000), size 0, SharedBaseAddress: 0x0000000800000000, ArchiveRelocationMode: 0.
Narrow klass base: 0x0000000000000000, Narrow klass shift: 0, Narrow klass range: 0x0

Heap:
 garbage-first heap   total 131072K, used 0K [0x0000000081c00000, 0x0000000100000000)
  region size 1024K, 0 young (0K), 0 survivors (0K)
 Metaspace       used 0K, capacity 0K, committed 0K, reserved 0K
  class space    used 0K, capacity 0K, committed 0K, reserved 0K

Heap Regions: E=young(eden), S=young(survivor), O=old, HS=humongous(starts), HC=humongous(continues), CS=collection set, F=free, OA=open archive, CA=closed archive, TAMS=top-at-mark-start (previous, next)

Card table byte_map: [0x0000023a7cef0000,0x0000023a7d2f0000] _byte_map_base: 0x0000023a7cae2000

Marking Bits (Prev, Next): (CMBitMap*) 0x0000023a79112470, (CMBitMap*) 0x0000023a791124b0
 Prev Bits: [0x0000023a7d6f0000, 0x0000023a7f680000)
 Next Bits: [0x0000023a0f000000, 0x0000023a10f90000)

GC Heap History (0 events):
No events

Deoptimization events (0 events):
No events

Classes unloaded (0 events):
No events

Classes redefined (0 events):
No events

Internal exceptions (0 events):
No events

Events (1 events):
Event: 0.024 Loaded shared library C:\Users\Obuli\.p2\pool\plugins\org.eclipse.justj.openjdk.hotspot.jre.full.win32.x86_64_15.0.2.v20210201-0955\jre\bin\java.dll


Dynamic libraries:
0x00007ff6ae1b0000 - 0x00007ff6ae1bd000 	C:\Users\Obuli\.p2\pool\plugins\org.eclipse.justj.openjdk.hotspot.jre.full.win32.x86_64_15.0.2.v20210201-0955\jre\bin\javaw.exe
0x00007ffd3e410000 - 0x00007ffd3e605000 	C:\WINDOWS\SYSTEM32\ntdll.dll
0x00007ffd3c550000 - 0x00007ffd3c60e000 	C:\WINDOWS\System32\KERNEL32.DLL
0x00007ffd3bb30000 - 0x00007ffd3bdf9000 	C:\WINDOWS\System32\KERNELBASE.dll
0x00007ffd3bf60000 - 0x00007ffd3c060000 	C:\WINDOWS\System32\ucrtbase.dll
0x00007ffd049f0000 - 0x00007ffd04a08000 	C:\Users\Obuli\.p2\pool\plugins\org.eclipse.justj.openjdk.hotspot.jre.full.win32.x86_64_15.0.2.v20210201-0955\jre\bin\jli.dll
0x00007ffd049d0000 - 0x00007ffd049e9000 	C:\Users\Obuli\.p2\pool\plugins\org.eclipse.justj.openjdk.hotspot.jre.full.win32.x86_64_15.0.2.v20210201-0955\jre\bin\VCRUNTIME140.dll
0x00007ffd3c860000 - 0x00007ffd3ca01000 	C:\WINDOWS\System32\USER32.dll
0x00007ffd31630000 - 0x00007ffd318ca000 	C:\WINDOWS\WinSxS\amd64_microsoft.windows.common-controls_6595b64144ccf1df_6.0.19041.1110_none_60b5254171f9507e\COMCTL32.dll
0x00007ffd3c390000 - 0x00007ffd3c3b2000 	C:\WINDOWS\System32\win32u.dll
0x00007ffd3c7c0000 - 0x00007ffd3c85e000 	C:\WINDOWS\System32\msvcrt.dll
0x00007ffd3c520000 - 0x00007ffd3c54b000 	C:\WINDOWS\System32\GDI32.dll
0x00007ffd3c1c0000 - 0x00007ffd3c2cb000 	C:\WINDOWS\System32\gdi32full.dll
0x00007ffd3c3c0000 - 0x00007ffd3c45d000 	C:\WINDOWS\System32\msvcp_win.dll
0x00007ffd3c790000 - 0x00007ffd3c7c0000 	C:\WINDOWS\System32\IMM32.DLL
0x00007ffd24260000 - 0x00007ffd2426c000 	C:\Users\Obuli\.p2\pool\plugins\org.eclipse.justj.openjdk.hotspot.jre.full.win32.x86_64_15.0.2.v20210201-0955\jre\bin\vcruntime140_1.dll
0x00007ffcfa240000 - 0x00007ffcfa2d1000 	C:\Users\Obuli\.p2\pool\plugins\org.eclipse.justj.openjdk.hotspot.jre.full.win32.x86_64_15.0.2.v20210201-0955\jre\bin\msvcp140.dll
0x00007ffcfb6c0000 - 0x00007ffcfc21e000 	C:\Users\Obuli\.p2\pool\plugins\org.eclipse.justj.openjdk.hotspot.jre.full.win32.x86_64_15.0.2.v20210201-0955\jre\bin\server\jvm.dll
0x00007ffd3d420000 - 0x00007ffd3d4cc000 	C:\WINDOWS\System32\ADVAPI32.dll
0x00007ffd3c610000 - 0x00007ffd3c6ab000 	C:\WINDOWS\System32\sechost.dll
0x00007ffd3d1d0000 - 0x00007ffd3d2fa000 	C:\WINDOWS\System32\RPCRT4.dll
0x00007ffd3d4d0000 - 0x00007ffd3d4d8000 	C:\WINDOWS\System32\PSAPI.DLL
0x00007ffd2e6f0000 - 0x00007ffd2e6f9000 	C:\WINDOWS\SYSTEM32\WSOCK32.dll
0x00007ffd34270000 - 0x00007ffd3427a000 	C:\WINDOWS\SYSTEM32\VERSION.dll
0x00007ffd3d9f0000 - 0x00007ffd3da5b000 	C:\WINDOWS\System32\WS2_32.dll
0x00007ffd28370000 - 0x00007ffd28397000 	C:\WINDOWS\SYSTEM32\WINMM.dll
0x00007ffd3a360000 - 0x00007ffd3a372000 	C:\WINDOWS\SYSTEM32\kernel.appcore.dll
0x00007ffd22ec0000 - 0x00007ffd22eca000 	C:\Users\Obuli\.p2\pool\plugins\org.eclipse.justj.openjdk.hotspot.jre.full.win32.x86_64_15.0.2.v20210201-0955\jre\bin\jimage.dll
0x00007ffd398a0000 - 0x00007ffd39a84000 	C:\WINDOWS\SYSTEM32\DBGHELP.DLL
0x00007ffd31600000 - 0x00007ffd3162c000 	C:\WINDOWS\SYSTEM32\dbgcore.DLL
0x00007ffd3c2d0000 - 0x00007ffd3c353000 	C:\WINDOWS\System32\bcryptPrimitives.dll
0x00007ffd0ed00000 - 0x00007ffd0ed25000 	C:\Users\Obuli\.p2\pool\plugins\org.eclipse.justj.openjdk.hotspot.jre.full.win32.x86_64_15.0.2.v20210201-0955\jre\bin\java.dll

dbghelp: loaded successfully - version: 4.0.5 - missing functions: none
symbol engine: initialized successfully - sym options: 0x614 - pdb path: .;C:\Users\Obuli\.p2\pool\plugins\org.eclipse.justj.openjdk.hotspot.jre.full.win32.x86_64_15.0.2.v20210201-0955\jre\bin;C:\WINDOWS\SYSTEM32;C:\WINDOWS\WinSxS\amd64_microsoft.windows.common-controls_6595b64144ccf1df_6.0.19041.1110_none_60b5254171f9507e;C:\Users\Obuli\.p2\pool\plugins\org.eclipse.justj.openjdk.hotspot.jre.full.win32.x86_64_15.0.2.v20210201-0955\jre\bin\server

VM Arguments:
jvm_args: -Dmaven.home=EMBEDDED -Dclassworlds.conf=G:\studies\eclipse-workspace\.metadata\.plugins\org.eclipse.m2e.launching\launches\m2conf16953538128419931801.tmp -Dmaven.multiModuleProjectDirectory=C:\Users\Obuli\Desktop\Training-Materials\Microservices\Spring-Cloud\pet-food -Dfile.encoding=Cp1252 -XX:+ShowCodeDetailsInExceptionMessages 
java_command: org.codehaus.plexus.classworlds.launcher.Launcher -B spring-boot:run
java_class_path (initial): C:\Users\Obuli\.p2\pool\plugins\org.eclipse.m2e.maven.runtime_1.16.0.20210129-0849\jars\plexus-classworlds-2.6.0.jar
Launcher Type: SUN_STANDARD

[Global flags]
     intx CICompilerCount                          = 3                                         {product} {ergonomic}
     uint ConcGCThreads                            = 1                                         {product} {ergonomic}
     uint G1ConcRefinementThreads                  = 4                                         {product} {ergonomic}
   size_t G1HeapRegionSize                         = 1048576                                   {product} {ergonomic}
    uintx GCDrainStackTargetSize                   = 64                                        {product} {ergonomic}
   size_t InitialHeapSize                          = 134217728                                 {product} {ergonomic}
   size_t MarkStackSize                            = 4194304                                   {product} {ergonomic}
   size_t MaxHeapSize                              = 2118123520                                {product} {ergonomic}
   size_t MinHeapDeltaBytes                        = 1048576                                   {product} {ergonomic}
   size_t MinHeapSize                              = 8388608                                   {product} {ergonomic}
    uintx NonNMethodCodeHeapSize                   = 5832780                                {pd product} {ergonomic}
    uintx NonProfiledCodeHeapSize                  = 122912730                              {pd product} {ergonomic}
    uintx ProfiledCodeHeapSize                     = 122912730                              {pd product} {ergonomic}
    uintx ReservedCodeCacheSize                    = 251658240                              {pd product} {ergonomic}
     bool SegmentedCodeCache                       = true                                      {product} {ergonomic}
     bool ShowCodeDetailsInExceptionMessages       = true                                   {manageable} {command line}
   size_t SoftMaxHeapSize                          = 2118123520                             {manageable} {ergonomic}
     bool UseCompressedClassPointers               = true                                 {lp64_product} {ergonomic}
     bool UseCompressedOops                        = true                                 {lp64_product} {ergonomic}
     bool UseG1GC                                  = true                                      {product} {ergonomic}
     bool UseLargePagesIndividualAllocation        = false                                  {pd product} {ergonomic}

Logging:
Log output configuration:
 #0: stdout all=warning uptime,level,tags
 #1: stderr all=off uptime,level,tags

Environment Variables:
JAVA_HOME=C:\Users\Obuli\Desktop\Training-Materials\Jenkins Training\Tools\jdk-17_windows-x64_bin\jdk-17
PATH=C:/Users/Obuli/.p2/pool/plugins/org.eclipse.justj.openjdk.hotspot.jre.full.win32.x86_64_15.0.2.v20210201-0955/jre/bin/server;C:/Users/Obuli/.p2/pool/plugins/org.eclipse.justj.openjdk.hotspot.jre.full.win32.x86_64_15.0.2.v20210201-0955/jre/bin;C:\Program Files (x86)\Microsoft SDKs\Azure\CLI2\wbin;C:\Users\Obuli\Desktop\Training-Materials\Jenkins Training\Tools\jdk-17_windows-x64_bin\jdk-17;C:\Program Files (x86)\Intel\iCLS Client\;C:\Program Files\Intel\iCLS Client\;C:\windows\system32;C:\windows;C:\windows\System32\Wbem;C:\windows\System32\WindowsPowerShell\v1.0\;C:\Program Files (x86)\NVIDIA Corporation\PhysX\Common;C:\WINDOWS\system32;C:\WINDOWS;C:\WINDOWS\System32\Wbem;C:\WINDOWS\System32\WindowsPowerShell\v1.0\;C:\WINDOWS\System32\OpenSSH\;C:\Program Files\nodejs\;C:\Program Files (x86)\Intel\Intel(R) Management Engine Components\DAL;C:\Program Files\Intel\Intel(R) Management Engine Components\DAL;C:\Program Files (x86)\Intel\Intel(R) Management Engine Components\IPT;C:\Program Files\Intel\Intel(R) Management Engine Components\IPT;C:\Program Files\NVIDIA Corporation\NVIDIA NvDLISR;C:\WINDOWS\system32;C:\WINDOWS;C:\WINDOWS\System32\Wbem;C:\WINDOWS\System32\WindowsPowerShell\v1.0\;C:\WINDOWS\System32\OpenSSH\;C:\Program Files\Microsoft VS Code\bin;C:\Program Files\Hashicorp;C:\Program Files\Git\cmd;C:\Program Files\Docker\Docker\resources\bin;C:\ProgramData\DockerDesktop\version-bin;%M2_HOME%\bin;%JAVA_HOME%\bin;C:\Users\Obuli\AppData\Local\Programs\Python\Python39\Scripts\;C:\Users\Obuli\AppData\Local\Programs\Python\Python39\;C:\Users\Obuli\AppData\Local\Microsoft\WindowsApps;C:\Users\Obuli\AppData\Local\GitHubDesktop\bin;C:\Program Files\Microsoft VS Code\bin;C:\Users\Obuli\AppData\Roaming\npm;C:\Users\Obuli\AppData\Local\Microsoft\WindowsApps;C:\Program Files\Hashicorp;C:\Program Files\JetBrains\PyCharm Community Edition 2021.1.1\bin;;C:\Users\Obuli\Desktop\Training-Materials\Jenkins Training\Tools\apache-maven-3.8.3-bin\apache-maven-3.8.3\bin;;C:\WINDOWS\Sy
USERNAME=Obuli
OS=Windows_NT
PROCESSOR_IDENTIFIER=Intel64 Family 6 Model 142 Stepping 9, GenuineIntel



---------------  S Y S T E M  ---------------

OS:
 Windows 10 , 64 bit Build 19041 (10.0.19041.1202)
OS uptime: 0 days 9:02 hours
HyperV virtualization detected

CPU: total 4 (initial active 4) (2 cores per cpu, 2 threads per core) family 6 model 142 stepping 9 microcode 0xb4, cmov, cx8, fxsr, mmx, sse, sse2, sse3, ssse3, sse4.1, sse4.2, popcnt, vzeroupper, avx, avx2, aes, clmul, erms, 3dnowpref, lzcnt, ht, tsc, tscinvbit, bmi1, bmi2, adx, fma, clflush, clflushopt

Memory: 4k page, system-wide physical 8077M (389M free)
TotalPageFile size 9982M (AvailPageFile size 119M)
current process WorkingSet (physical memory assigned to process): 10M, peak: 10M
current process commit charge ("private bytes"): 51M, peak: 179M

vm_info: OpenJDK 64-Bit Server VM (15.0.2+7-27) for windows-amd64 JRE (15.0.2+7-27), built on Dec  7 2020 20:02:38 by "mach5one" with unknown MS VC++:1925

END.
