#
# There is insufficient memory for the Java Runtime Environment to continue.
# Native memory allocation (mmap) failed to map 134217728 bytes for G1 virtual space
# Possible reasons:
#   The system is out of physical RAM or swap space
#   The process is running with CompressedOops enabled, and the Java Heap may be blocking the growth of the native heap
# Possible solutions:
#   Reduce memory load on the system
#   Increase physical memory or swap space
#   Check if swap backing store is full
#   Decrease Java heap size (-Xmx/-Xms)
#   Decrease number of Java threads
#   Decrease Java thread stack sizes (-Xss)
#   Set larger code cache with -XX:ReservedCodeCacheSize=
#   JVM is running with Unscaled Compressed Oops mode in which the Java heap is
#     placed in the first 4GB address space. The Java Heap base address is the
#     maximum limit for the native heap growth. Please use -XX:HeapBaseMinAddress
#     to set the Java Heap base and to place the Java Heap above 4GB virtual address.
# This output file may be truncated or incomplete.
#
#  Out of Memory Error (./open/src/hotspot/os/windows/os_windows.cpp:3321), pid=15240, tid=3568
#
# JRE version:  (15.0.2+7) (build )
# Java VM: OpenJDK 64-Bit Server VM (15.0.2+7-27, mixed mode, sharing, tiered, compressed oops, g1 gc, windows-amd64)
# No core dump will be written. Minidumps are not enabled by default on client versions of Windows
#

---------------  S U M M A R Y ------------

Command Line: -XX:TieredStopAtLevel=1 com.pet.cat.CatServiceApplication

Host: Intel(R) Core(TM) i5-7200U CPU @ 2.50GHz, 4 cores, 7G,  Windows 10 , 64 bit Build 19041 (10.0.19041.1202)
Time: Sat Oct 23 01:24:29 2021 India Standard Time elapsed time: 0.096030 seconds (0d 0h 0m 0s)

---------------  T H R E A D  ---------------

Current thread (0x000001c90e1a25e0):  JavaThread "Unknown thread" [_thread_in_vm, id=3568, stack(0x0000007b48d00000,0x0000007b48e00000)]

Stack: [0x0000007b48d00000,0x0000007b48e00000]
Native frames: (J=compiled Java code, j=interpreted, Vv=VM code, C=native code)
V  [jvm.dll+0x62ae9a]
V  [jvm.dll+0x7817a9]
V  [jvm.dll+0x782f03]
V  [jvm.dll+0x783563]
V  [jvm.dll+0x216325]
V  [jvm.dll+0x6281d9]
V  [jvm.dll+0x61cf55]
V  [jvm.dll+0x2cffdd]
V  [jvm.dll+0x2cfe42]
V  [jvm.dll+0x2d5e1c]
V  [jvm.dll+0x32590a]
V  [jvm.dll+0x324fd4]
V  [jvm.dll+0x2a6f5a]
V  [jvm.dll+0x2a80f8]
V  [jvm.dll+0x75e241]
V  [jvm.dll+0x3341c4]
V  [jvm.dll+0x73e926]
V  [jvm.dll+0x3b7557]
V  [jvm.dll+0x3b8fe1]
C  [jli.dll+0x52fb]
C  [ucrtbase.dll+0x21bb2]
C  [KERNEL32.DLL+0x17034]
C  [ntdll.dll+0x52651]


---------------  P R O C E S S  ---------------

Threads class SMR info:
_java_thread_list=0x00007ffce6114ff0, length=0, elements={
}

Java Threads: ( => current thread )

Other Threads:
  0x000001c90e1e38b0 GCTaskThread "GC Thread#0" [stack: 0x0000007b48e00000,0x0000007b48f00000] [id=6300]
  0x000001c90e1f4710 ConcurrentGCThread "G1 Main Marker" [stack: 0x0000007b48f00000,0x0000007b49000000] [id=6232]
  0x000001c90e1f6a40 ConcurrentGCThread "G1 Conc#0" [stack: 0x0000007b49000000,0x0000007b49100000] [id=1940]

[error occurred during error reporting (printing all threads), id 0xc0000005, EXCEPTION_ACCESS_VIOLATION (0xc0000005) at pc=0x00007ffce5907e27]

VM state: not at safepoint (not fully initialized)

VM Mutex/Monitor currently owned by a thread:  ([mutex/lock_event])
[0x000001c90e19f090] Heap_lock - owner thread: 0x000001c90e1a25e0

Heap address: 0x0000000081c00000, size: 2020 MB, Compressed Oops mode: 32-bit
CDS archive(s) mapped at: [0x0000000000000000-0x0000000000000000-0x0000000000000000), size 0, SharedBaseAddress: 0x0000000800000000, ArchiveRelocationMode: 0.
Narrow klass base: 0x0000000000000000, Narrow klass shift: 0, Narrow klass range: 0x0

Heap:
 garbage-first heap   total 131072K, used 0K [0x0000000081c00000, 0x0000000100000000)
  region size 1024K, 0 young (0K), 0 survivors (0K)
 Metaspace       used 0K, capacity 0K, committed 0K, reserved 0K
  class space    used 0K, capacity 0K, committed 0K, reserved 0K

Heap Regions: E=young(eden), S=young(survivor), O=old, HS=humongous(starts), HC=humongous(continues), CS=collection set, F=free, OA=open archive, CA=closed archive, TAMS=top-at-mark-start (previous, next)

Card table byte_map: [0x000001c920fb0000,0x000001c9213b0000] _byte_map_base: 0x000001c920ba2000

Marking Bits (Prev, Next): (CMBitMap*) 0x000001c90e1e4030, (CMBitMap*) 0x000001c90e1e4070
 Prev Bits: [0x000001c9217b0000, 0x000001c923740000)
 Next Bits: [0x000001c923740000, 0x000001c9256d0000)

GC Heap History (0 events):
No events

Deoptimization events (0 events):
No events

Classes unloaded (0 events):
No events

Classes redefined (0 events):
No events

Internal exceptions (0 events):
No events

Events (1 events):
Event: 0.010 Loaded shared library C:\Users\Obuli\.p2\pool\plugins\org.eclipse.justj.openjdk.hotspot.jre.full.win32.x86_64_15.0.2.v20210201-0955\jre\bin\java.dll


Dynamic libraries:
0x00007ff6aa9c0000 - 0x00007ff6aa9cd000 	C:\Users\Obuli\.p2\pool\plugins\org.eclipse.justj.openjdk.hotspot.jre.full.win32.x86_64_15.0.2.v20210201-0955\jre\bin\java.exe
0x00007ffd3e410000 - 0x00007ffd3e605000 	C:\WINDOWS\SYSTEM32\ntdll.dll
0x00007ffd3c550000 - 0x00007ffd3c60e000 	C:\WINDOWS\System32\KERNEL32.DLL
0x00007ffd3bb30000 - 0x00007ffd3bdf9000 	C:\WINDOWS\System32\KERNELBASE.dll
0x00007ffd3bf60000 - 0x00007ffd3c060000 	C:\WINDOWS\System32\ucrtbase.dll
0x00007ffd28170000 - 0x00007ffd28188000 	C:\Users\Obuli\.p2\pool\plugins\org.eclipse.justj.openjdk.hotspot.jre.full.win32.x86_64_15.0.2.v20210201-0955\jre\bin\jli.dll
0x00007ffd34630000 - 0x00007ffd34649000 	C:\Users\Obuli\.p2\pool\plugins\org.eclipse.justj.openjdk.hotspot.jre.full.win32.x86_64_15.0.2.v20210201-0955\jre\bin\VCRUNTIME140.dll
0x00007ffd3c860000 - 0x00007ffd3ca01000 	C:\WINDOWS\System32\USER32.dll
0x00007ffd3c390000 - 0x00007ffd3c3b2000 	C:\WINDOWS\System32\win32u.dll
0x00007ffd3c520000 - 0x00007ffd3c54b000 	C:\WINDOWS\System32\GDI32.dll
0x00007ffd31630000 - 0x00007ffd318ca000 	C:\WINDOWS\WinSxS\amd64_microsoft.windows.common-controls_6595b64144ccf1df_6.0.19041.1110_none_60b5254171f9507e\COMCTL32.dll
0x00007ffd3c1c0000 - 0x00007ffd3c2cb000 	C:\WINDOWS\System32\gdi32full.dll
0x00007ffd3c7c0000 - 0x00007ffd3c85e000 	C:\WINDOWS\System32\msvcrt.dll
0x00007ffd3c3c0000 - 0x00007ffd3c45d000 	C:\WINDOWS\System32\msvcp_win.dll
0x00007ffd3c790000 - 0x00007ffd3c7c0000 	C:\WINDOWS\System32\IMM32.DLL
0x00007ffd2d750000 - 0x00007ffd2d75c000 	C:\Users\Obuli\.p2\pool\plugins\org.eclipse.justj.openjdk.hotspot.jre.full.win32.x86_64_15.0.2.v20210201-0955\jre\bin\vcruntime140_1.dll
0x00007ffd280d0000 - 0x00007ffd28161000 	C:\Users\Obuli\.p2\pool\plugins\org.eclipse.justj.openjdk.hotspot.jre.full.win32.x86_64_15.0.2.v20210201-0955\jre\bin\msvcp140.dll
0x00007ffce5650000 - 0x00007ffce61ae000 	C:\Users\Obuli\.p2\pool\plugins\org.eclipse.justj.openjdk.hotspot.jre.full.win32.x86_64_15.0.2.v20210201-0955\jre\bin\server\jvm.dll
0x00007ffd3d420000 - 0x00007ffd3d4cc000 	C:\WINDOWS\System32\ADVAPI32.dll
0x00007ffd3c610000 - 0x00007ffd3c6ab000 	C:\WINDOWS\System32\sechost.dll
0x00007ffd3d1d0000 - 0x00007ffd3d2fa000 	C:\WINDOWS\System32\RPCRT4.dll
0x00007ffd3d4d0000 - 0x00007ffd3d4d8000 	C:\WINDOWS\System32\PSAPI.DLL
0x00007ffd2e6f0000 - 0x00007ffd2e6f9000 	C:\WINDOWS\SYSTEM32\WSOCK32.dll
0x00007ffd3d9f0000 - 0x00007ffd3da5b000 	C:\WINDOWS\System32\WS2_32.dll
0x00007ffd28370000 - 0x00007ffd28397000 	C:\WINDOWS\SYSTEM32\WINMM.dll
0x00007ffd34270000 - 0x00007ffd3427a000 	C:\WINDOWS\SYSTEM32\VERSION.dll
0x00007ffd3a360000 - 0x00007ffd3a372000 	C:\WINDOWS\SYSTEM32\kernel.appcore.dll
0x00007ffd324c0000 - 0x00007ffd324ca000 	C:\Users\Obuli\.p2\pool\plugins\org.eclipse.justj.openjdk.hotspot.jre.full.win32.x86_64_15.0.2.v20210201-0955\jre\bin\jimage.dll
0x00007ffd398a0000 - 0x00007ffd39a84000 	C:\WINDOWS\SYSTEM32\DBGHELP.DLL
0x00007ffd31600000 - 0x00007ffd3162c000 	C:\WINDOWS\SYSTEM32\dbgcore.DLL
0x00007ffd3c2d0000 - 0x00007ffd3c353000 	C:\WINDOWS\System32\bcryptPrimitives.dll
0x00007ffd1e1e0000 - 0x00007ffd1e205000 	C:\Users\Obuli\.p2\pool\plugins\org.eclipse.justj.openjdk.hotspot.jre.full.win32.x86_64_15.0.2.v20210201-0955\jre\bin\java.dll

dbghelp: loaded successfully - version: 4.0.5 - missing functions: none
symbol engine: initialized successfully - sym options: 0x614 - pdb path: .;C:\Users\Obuli\.p2\pool\plugins\org.eclipse.justj.openjdk.hotspot.jre.full.win32.x86_64_15.0.2.v20210201-0955\jre\bin;C:\WINDOWS\SYSTEM32;C:\WINDOWS\WinSxS\amd64_microsoft.windows.common-controls_6595b64144ccf1df_6.0.19041.1110_none_60b5254171f9507e;C:\Users\Obuli\.p2\pool\plugins\org.eclipse.justj.openjdk.hotspot.jre.full.win32.x86_64_15.0.2.v20210201-0955\jre\bin\server

VM Arguments:
jvm_args: -XX:TieredStopAtLevel=1 
java_command: com.pet.cat.CatServiceApplication
java_class_path (initial): C:\Users\Obuli\Desktop\Training-Materials\Microservices\Spring-Cloud\cat-service\target\classes;C:\Users\Obuli\.m2\repository\ch\qos\logback\logback-classic\1.2.6\logback-classic-1.2.6.jar;C:\Users\Obuli\.m2\repository\ch\qos\logback\logback-core\1.2.6\logback-core-1.2.6.jar;C:\Users\Obuli\.m2\repository\org\apache\logging\log4j\log4j-to-slf4j\2.14.1\log4j-to-slf4j-2.14.1.jar;C:\Users\Obuli\.m2\repository\org\apache\logging\log4j\log4j-api\2.14.1\log4j-api-2.14.1.jar;C:\Users\Obuli\.m2\repository\org\slf4j\jul-to-slf4j\1.7.32\jul-to-slf4j-1.7.32.jar;C:\Users\Obuli\.m2\repository\jakarta\annotation\jakarta.annotation-api\1.3.5\jakarta.annotation-api-1.3.5.jar;C:\Users\Obuli\.m2\repository\org\yaml\snakeyaml\1.28\snakeyaml-1.28.jar;C:\Users\Obuli\.m2\repository\org\springframework\boot\spring-boot-actuator-autoconfigure\2.5.6\spring-boot-actuator-autoconfigure-2.5.6.jar;C:\Users\Obuli\.m2\repository\org\springframework\boot\spring-boot-actuator\2.5.6\spring-boot-actuator-2.5.6.jar;C:\Users\Obuli\.m2\repository\com\fasterxml\jackson\core\jackson-databind\2.12.5\jackson-databind-2.12.5.jar;C:\Users\Obuli\.m2\repository\com\fasterxml\jackson\datatype\jackson-datatype-jsr310\2.12.5\jackson-datatype-jsr310-2.12.5.jar;C:\Users\Obuli\.m2\repository\io\micrometer\micrometer-core\1.7.5\micrometer-core-1.7.5.jar;C:\Users\Obuli\.m2\repository\org\hdrhistogram\HdrHistogram\2.1.12\HdrHistogram-2.1.12.jar;C:\Users\Obuli\.m2\repository\org\latencyutils\LatencyUtils\2.0.3\LatencyUtils-2.0.3.jar;C:\Users\Obuli\.m2\repository\com\fasterxml\jackson\datatype\jackson-datatype-jdk8\2.12.5\jackson-datatype-jdk8-2.12.5.jar;C:\Users\Obuli\.m2\repository\com\fasterxml\jackson\module\jackson-module-parameter-names\2.12.5\jackson-module-parameter-names-2.12.5.jar;C:\Users\Obuli\.m2\repository\org\apache\tomcat\embed\tomcat-embed-core\9.0.54\tomcat-embed-core-9.0.54.jar;C:\Users\Obuli\.m2\repository\org\apache\tomcat\embed\tomcat-embed-el\9.0.54\tomcat-embed-el-9.0.54
Launcher Type: SUN_STANDARD

[Global flags]
     intx CICompilerCount                          = 3                                         {product} {ergonomic}
     uint ConcGCThreads                            = 1                                         {product} {ergonomic}
     uint G1ConcRefinementThreads                  = 4                                         {product} {ergonomic}
   size_t G1HeapRegionSize                         = 1048576                                   {product} {ergonomic}
    uintx GCDrainStackTargetSize                   = 64                                        {product} {ergonomic}
   size_t InitialHeapSize                          = 134217728                                 {product} {ergonomic}
   size_t MarkStackSize                            = 4194304                                   {product} {ergonomic}
   size_t MaxHeapSize                              = 2118123520                                {product} {ergonomic}
   size_t MinHeapDeltaBytes                        = 1048576                                   {product} {ergonomic}
   size_t MinHeapSize                              = 8388608                                   {product} {ergonomic}
    uintx NonNMethodCodeHeapSize                   = 6973028                                {pd product} {ergonomic}
    uintx NonProfiledCodeHeapSize                  = 244685212                              {pd product} {ergonomic}
    uintx ProfiledCodeHeapSize                     = 0                                      {pd product} {ergonomic}
    uintx ReservedCodeCacheSize                    = 251658240                              {pd product} {ergonomic}
     bool SegmentedCodeCache                       = true                                      {product} {ergonomic}
   size_t SoftMaxHeapSize                          = 2118123520                             {manageable} {ergonomic}
     intx TieredStopAtLevel                        = 1                                         {product} {command line}
     bool UseCompressedClassPointers               = true                                 {lp64_product} {ergonomic}
     bool UseCompressedOops                        = true                                 {lp64_product} {ergonomic}
     bool UseG1GC                                  = true                                      {product} {ergonomic}
     bool UseLargePagesIndividualAllocation        = false                                  {pd product} {ergonomic}

Logging:
Log output configuration:
 #0: stdout all=warning uptime,level,tags
 #1: stderr all=off uptime,level,tags

Environment Variables:
PATH=C:/Users/Obuli/.p2/pool/plugins/org.eclipse.justj.openjdk.hotspot.jre.full.win32.x86_64_15.0.2.v20210201-0955/jre/bin/server;C:/Users/Obuli/.p2/pool/plugins/org.eclipse.justj.openjdk.hotspot.jre.full.win32.x86_64_15.0.2.v20210201-0955/jre/bin;C:\Program Files (x86)\Microsoft SDKs\Azure\CLI2\wbin;C:\Program Files (x86)\Common Files\Oracle\Java\javapath;C:\Program Files (x86)\Intel\iCLS Client\;C:\Program Files\Intel\iCLS Client\;C:\windows\system32;C:\windows;C:\windows\System32\Wbem;C:\windows\System32\WindowsPowerShell\v1.0\;C:\Program Files (x86)\NVIDIA Corporation\PhysX\Common;C:\WINDOWS\system32;C:\WINDOWS;C:\WINDOWS\System32\Wbem;C:\WINDOWS\System32\WindowsPowerShell\v1.0\;C:\WINDOWS\System32\OpenSSH\;C:\Program Files\nodejs\;C:\Program Files (x86)\Intel\Intel(R) Management Engine Components\DAL;C:\Program Files\Intel\Intel(R) Management Engine Components\DAL;C:\Program Files (x86)\Intel\Intel(R) Management Engine Components\IPT;C:\Program Files\Intel\Intel(R) Management Engine Components\IPT;C:\Program Files\NVIDIA Corporation\NVIDIA NvDLISR;C:\WINDOWS\system32;C:\WINDOWS;C:\WINDOWS\System32\Wbem;C:\WINDOWS\System32\WindowsPowerShell\v1.0\;C:\WINDOWS\System32\OpenSSH\;C:\Program Files\Microsoft VS Code\bin;C:\Program Files\Hashicorp;C:\Program Files\Git\cmd;C:\Program Files\Docker\Docker\resources\bin;C:\ProgramData\DockerDesktop\version-bin;C:\Users\Obuli\AppData\Local\Programs\Python\Python39\Scripts\;C:\Users\Obuli\AppData\Local\Programs\Python\Python39\;C:\Users\Obuli\AppData\Local\Microsoft\WindowsApps;C:\Users\Obuli\AppData\Local\GitHubDesktop\bin;C:\Program Files\Microsoft VS Code\bin;C:\Users\Obuli\AppData\Roaming\npm;C:\Users\Obuli\AppData\Local\Microsoft\WindowsApps;C:\Program Files\Hashicorp;C:\Program Files\JetBrains\PyCharm Community Edition 2021.1.1\bin;;C:\Users\Obuli\Desktop\Training-Materials\Tools\apache-maven-3.8.3-bin\apache-maven-3.8.3\bin;;C:\WINDOWS\system32;
USERNAME=Obuli
OS=Windows_NT
PROCESSOR_IDENTIFIER=Intel64 Family 6 Model 142 Stepping 9, GenuineIntel



---------------  S Y S T E M  ---------------

OS:
 Windows 10 , 64 bit Build 19041 (10.0.19041.1202)
OS uptime: 0 days 2:04 hours
HyperV virtualization detected

CPU: total 4 (initial active 4) (2 cores per cpu, 2 threads per core) family 6 model 142 stepping 9 microcode 0xb4, cmov, cx8, fxsr, mmx, sse, sse2, sse3, ssse3, sse4.1, sse4.2, popcnt, vzeroupper, avx, avx2, aes, clmul, erms, 3dnowpref, lzcnt, ht, tsc, tscinvbit, bmi1, bmi2, adx, fma, clflush, clflushopt

Memory: 4k page, system-wide physical 8077M (215M free)
TotalPageFile size 9957M (AvailPageFile size 93M)
current process WorkingSet (physical memory assigned to process): 10M, peak: 10M
current process commit charge ("private bytes"): 49M, peak: 177M

vm_info: OpenJDK 64-Bit Server VM (15.0.2+7-27) for windows-amd64 JRE (15.0.2+7-27), built on Dec  7 2020 20:02:38 by "mach5one" with unknown MS VC++:1925

END.
